<!DOCTYPE html PUBLIC "-//W3C//DTD XHTML 1.1//EN" "https://www.w3.org/TR/xhtml11/DTD/xhtml11.dtd">
<html xmlns="https://www.w3.org/1999/xhtml">
<head>
<meta http-equiv="content-type" content="text/html; charset=UTF-8"/>
<title>TestNG Report</title>
<style type="text/css">table {margin-bottom:10px;border-collapse:collapse;empty-cells:show}th,td {border:1px solid #009;padding:.25em .5em}th {vertical-align:bottom}td {vertical-align:top}table a {font-weight:bold}.stripe td {background-color: #E6EBF9}.num {text-align:right}.passedodd td {background-color: #3F3}.passedeven td {background-color: #0A0}.skippedodd td {background-color: #DDD}.skippedeven td {background-color: #CCC}.failedodd td,.attn {background-color: #F33}.failedeven td,.stripe .attn {background-color: #D00}.stacktrace {white-space:pre;font-family:monospace}.totop {font-size:85%;text-align:center;border-bottom:2px solid #000}.invisible {display:none}</style>
</head>
<body>
<table>
<tr><th>Test</th><th># Passed</th><th># Skipped</th><th># Retried</th><th># Failed</th><th>Time (ms)</th><th>Included Groups</th><th>Excluded Groups</th></tr>
<tr><th colspan="8">AddressBookTestSuite</th></tr>
<tr><td><a href="#t0">AddressBookTest</a></td><td class="num">11</td><td class="num">0</td><td class="num">0</td><td class="num attn">4</td><td class="num">51,140</td><td></td><td></td></tr>
</table>
<table id='summary'><thead><tr><th>Class</th><th>Method</th><th>Start</th><th>Time (ms)</th></tr></thead><tbody><tr><th colspan="4">AddressBookTestSuite</th></tr></tbody><tbody id="t0"><tr><th colspan="4">AddressBookTest &#8212; failed</th></tr><tr class="failedeven"><td rowspan="2">AddAddressTest</td><td><a href="#m0">addNewEntryValidationEmptyField</a></td><td rowspan="1">1751828765839</td><td rowspan="1">162</td></tr><tr class="failedeven"><td><a href="#m1">addNewEntryWithInvalidEmailField</a></td><td rowspan="1">1751828768946</td><td rowspan="1">139</td></tr><tr class="failedodd"><td rowspan="2">EditAddressTest</td><td><a href="#m2">editAddressWithInvalidPhNOTest</a></td><td rowspan="1">1751828788613</td><td rowspan="1">427</td></tr><tr class="failedodd"><td><a href="#m3">editAddressWithNullValueTest</a></td><td rowspan="1">1751828792222</td><td rowspan="1">423</td></tr><tr><th colspan="4">AddressBookTest &#8212; passed</th></tr><tr class="passedeven"><td rowspan="4">AddAddressTest</td><td><a href="#m4">testAddAddressBusiness</a></td><td rowspan="1">1751828772005</td><td rowspan="1">780</td></tr><tr class="passedeven"><td><a href="#m5">testAddAddressFamily</a></td><td rowspan="1">1751828775568</td><td rowspan="1">393</td></tr><tr class="passedeven"><td><a href="#m6">testAddAddressFriend</a></td><td rowspan="1">1751828778780</td><td rowspan="1">919</td></tr><tr class="passedeven"><td><a href="#m7">testAddAddressOther</a></td><td rowspan="1">1751828782498</td><td rowspan="1">550</td></tr><tr class="passedodd"><td rowspan="1">EditAddressTest</td><td><a href="#m8">editAnAddress</a></td><td rowspan="1">1751828795817</td><td rowspan="1">827</td></tr><tr class="passedeven"><td rowspan="5">ViewAddresDetails</td><td><a href="#m9">vewAddressDetailsByName</a></td><td rowspan="5">1751828813026</td><td rowspan="5">175</td></tr><tr class="passedeven"><td><a href="#m10">vewAddressDetailsByName</a></td></tr><tr class="passedeven"><td><a href="#m11">vewAddressDetailsByName</a></td></tr><tr class="passedeven"><td><a href="#m12">vewAddressDetailsByName</a></td></tr><tr class="passedeven"><td><a href="#m13">vewAddressDetailsByName</a></td></tr><tr class="passedodd"><td rowspan="1">ViewAllAddressTest</td><td><a href="#m14">testListAllAddress</a></td><td rowspan="1">1751828785836</td><td rowspan="1">103</td></tr></tbody>
</table>
<h2>AddressBookTest</h2><h3 id="m0">AddAddressTest#addNewEntryValidationEmptyField</h3><table class="result"><tr><th>Exception</th></tr><tr><td><div class="stacktrace">org.openqa.selenium.NoSuchElementException: Unable to locate element: h2
For documentation on this error, please visit: https://www.selenium.dev/documentation/webdriver/troubleshooting/errors#no-such-element-exception
Build info: version: &apos;4.33.0&apos;, revision: &apos;2c6aaad03a&apos;
System info: os.name: &apos;Windows 11&apos;, os.arch: &apos;amd64&apos;, os.version: &apos;10.0&apos;, java.version: &apos;23.0.1&apos;
Driver info: org.openqa.selenium.firefox.FirefoxDriver
Command: [9af9e092-65a0-4b39-8071-97768ac03a12, findElement {value=h2, using=tag name}]
Capabilities {acceptInsecureCerts: true, browserName: firefox, browserVersion: 140.0.2, moz:accessibilityChecks: false, moz:buildID: 20250627085530, moz:geckodriverVersion: 0.36.0, moz:headless: false, moz:platformVersion: 10.0, moz:processID: 66924, moz:profile: C:\Users\Admin\AppData\Loca..., moz:shutdownTimeout: 60000, moz:webdriverClick: true, moz:windowless: false, pageLoadStrategy: normal, platformName: windows, proxy: Proxy(), setWindowRect: true, strictFileInteractability: false, timeouts: {implicit: 0, pageLoad: 300000, script: 30000}, unhandledPromptBehavior: dismiss and notify, userAgent: Mozilla/5.0 (Windows NT 10....}
Session ID: 9af9e092-65a0-4b39-8071-97768ac03a12
	at org.openqa.selenium.remote.ErrorCodec.decode(ErrorCodec.java:167)
	at org.openqa.selenium.remote.codec.w3c.W3CHttpResponseCodec.decode(W3CHttpResponseCodec.java:138)
	at org.openqa.selenium.remote.codec.w3c.W3CHttpResponseCodec.decode(W3CHttpResponseCodec.java:50)
	at org.openqa.selenium.remote.HttpCommandExecutor.execute(HttpCommandExecutor.java:215)
	at org.openqa.selenium.remote.service.DriverCommandExecutor.invokeExecute(DriverCommandExecutor.java:216)
	at org.openqa.selenium.remote.service.DriverCommandExecutor.execute(DriverCommandExecutor.java:174)
	at org.openqa.selenium.remote.RemoteWebDriver.execute(RemoteWebDriver.java:544)
	at org.openqa.selenium.remote.ElementLocation$ElementFinder$2.findElement(ElementLocation.java:165)
	at org.openqa.selenium.remote.ElementLocation.findElement(ElementLocation.java:59)
	at org.openqa.selenium.remote.RemoteWebDriver.findElement(RemoteWebDriver.java:367)
	at org.openqa.selenium.remote.RemoteWebDriver.findElement(RemoteWebDriver.java:361)
	at AddAddressTest.addNewEntryValidationEmptyField(AddAddressTest.java:168)
	at java.base/java.util.ArrayList.forEach(ArrayList.java:1597)
... Removed 28 stack frames</div></td></tr></table><p class="totop"><a href="#summary">back to summary</a></p>
<h3 id="m1">AddAddressTest#addNewEntryWithInvalidEmailField</h3><table class="result"><tr><th>Exception</th></tr><tr><td><div class="stacktrace">org.opentest4j.AssertionFailedError: Test failed: Form accepted invalid addr_email_1 input data. Validation is missing!
	at org.junit.jupiter.api.AssertionUtils.fail(AssertionUtils.java:38)
	at org.junit.jupiter.api.Assertions.fail(Assertions.java:138)
	at AddAddressTest.addNewEntryWithInvalidEmailField(AddAddressTest.java:186)
	at java.base/java.util.ArrayList.forEach(ArrayList.java:1597)
... Removed 25 stack frames</div></td></tr></table><p class="totop"><a href="#summary">back to summary</a></p>
<h3 id="m2">EditAddressTest#editAddressWithInvalidPhNOTest</h3><table class="result"><tr><th>Exception</th></tr><tr><td><div class="stacktrace">org.opentest4j.AssertionFailedError: Test failed: Form accepted invalid input data. Validation is missing!
	at org.junit.jupiter.api.AssertionUtils.fail(AssertionUtils.java:38)
	at org.junit.jupiter.api.Assertions.fail(Assertions.java:138)
	at EditAddressTest.editAddressWithInvalidPhNOTest(EditAddressTest.java:158)
	at java.base/java.util.ArrayList.forEach(ArrayList.java:1597)
... Removed 25 stack frames</div></td></tr></table><p class="totop"><a href="#summary">back to summary</a></p>
<h3 id="m3">EditAddressTest#editAddressWithNullValueTest</h3><table class="result"><tr><th>Exception</th></tr><tr><td><div class="stacktrace">org.openqa.selenium.NoSuchElementException: Unable to locate element: h2
For documentation on this error, please visit: https://www.selenium.dev/documentation/webdriver/troubleshooting/errors#no-such-element-exception
Build info: version: &apos;4.33.0&apos;, revision: &apos;2c6aaad03a&apos;
System info: os.name: &apos;Windows 11&apos;, os.arch: &apos;amd64&apos;, os.version: &apos;10.0&apos;, java.version: &apos;23.0.1&apos;
Driver info: org.openqa.selenium.firefox.FirefoxDriver
Command: [9c5faed6-c9d0-457c-981b-9a70b9fe2946, findElement {value=h2, using=tag name}]
Capabilities {acceptInsecureCerts: true, browserName: firefox, browserVersion: 140.0.2, moz:accessibilityChecks: false, moz:buildID: 20250627085530, moz:geckodriverVersion: 0.36.0, moz:headless: false, moz:platformVersion: 10.0, moz:processID: 51056, moz:profile: C:\Users\Admin\AppData\Loca..., moz:shutdownTimeout: 60000, moz:webdriverClick: true, moz:windowless: false, pageLoadStrategy: normal, platformName: windows, proxy: Proxy(), setWindowRect: true, strictFileInteractability: false, timeouts: {implicit: 0, pageLoad: 300000, script: 30000}, unhandledPromptBehavior: dismiss and notify, userAgent: Mozilla/5.0 (Windows NT 10....}
Session ID: 9c5faed6-c9d0-457c-981b-9a70b9fe2946
	at org.openqa.selenium.remote.ErrorCodec.decode(ErrorCodec.java:167)
	at org.openqa.selenium.remote.codec.w3c.W3CHttpResponseCodec.decode(W3CHttpResponseCodec.java:138)
	at org.openqa.selenium.remote.codec.w3c.W3CHttpResponseCodec.decode(W3CHttpResponseCodec.java:50)
	at org.openqa.selenium.remote.HttpCommandExecutor.execute(HttpCommandExecutor.java:215)
	at org.openqa.selenium.remote.service.DriverCommandExecutor.invokeExecute(DriverCommandExecutor.java:216)
	at org.openqa.selenium.remote.service.DriverCommandExecutor.execute(DriverCommandExecutor.java:174)
	at org.openqa.selenium.remote.RemoteWebDriver.execute(RemoteWebDriver.java:544)
	at org.openqa.selenium.remote.ElementLocation$ElementFinder$2.findElement(ElementLocation.java:165)
	at org.openqa.selenium.remote.ElementLocation.findElement(ElementLocation.java:59)
	at org.openqa.selenium.remote.RemoteWebDriver.findElement(RemoteWebDriver.java:367)
	at org.openqa.selenium.remote.RemoteWebDriver.findElement(RemoteWebDriver.java:361)
	at EditAddressTest.editAddressWithNullValueTest(EditAddressTest.java:118)
	at java.base/java.util.ArrayList.forEach(ArrayList.java:1597)
... Removed 28 stack frames</div></td></tr></table><p class="totop"><a href="#summary">back to summary</a></p>
<h3 id="m4">AddAddressTest#testAddAddressBusiness</h3><table class="result"><tr><th class="invisible"/></tr></table><p class="totop"><a href="#summary">back to summary</a></p>
<h3 id="m5">AddAddressTest#testAddAddressFamily</h3><table class="result"><tr><th class="invisible"/></tr></table><p class="totop"><a href="#summary">back to summary</a></p>
<h3 id="m6">AddAddressTest#testAddAddressFriend</h3><table class="result"><tr><th class="invisible"/></tr></table><p class="totop"><a href="#summary">back to summary</a></p>
<h3 id="m7">AddAddressTest#testAddAddressOther</h3><table class="result"><tr><th class="invisible"/></tr></table><p class="totop"><a href="#summary">back to summary</a></p>
<h3 id="m8">EditAddressTest#editAnAddress</h3><table class="result"><tr><th class="invisible"/></tr></table><p class="totop"><a href="#summary">back to summary</a></p>
<h3 id="m9">ViewAddresDetails#vewAddressDetailsByName</h3><table class="result"><tr class="param"><th>Parameter #1</th></tr><tr class="param stripe"><td>Elon</td></tr></table><p class="totop"><a href="#summary">back to summary</a></p>
<h3 id="m10">ViewAddresDetails#vewAddressDetailsByName</h3><table class="result"><tr class="param"><th>Parameter #1</th></tr><tr class="param stripe"><td>Operator</td></tr></table><p class="totop"><a href="#summary">back to summary</a></p>
<h3 id="m11">ViewAddresDetails#vewAddressDetailsByName</h3><table class="result"><tr class="param"><th>Parameter #1</th></tr><tr class="param stripe"><td>Godly</td></tr></table><p class="totop"><a href="#summary">back to summary</a></p>
<h3 id="m12">ViewAddresDetails#vewAddressDetailsByName</h3><table class="result"><tr class="param"><th>Parameter #1</th></tr><tr class="param stripe"><td>Amandeep</td></tr></table><p class="totop"><a href="#summary">back to summary</a></p>
<h3 id="m13">ViewAddresDetails#vewAddressDetailsByName</h3><table class="result"><tr class="param"><th>Parameter #1</th></tr><tr class="param stripe"><td>Karandeep</td></tr></table><p class="totop"><a href="#summary">back to summary</a></p>
<h3 id="m14">ViewAllAddressTest#testListAllAddress</h3><table class="result"><tr><th class="invisible"/></tr></table><p class="totop"><a href="#summary">back to summary</a></p>
</body>
</html>
