<?xml version="1.0" encoding="UTF-8"?>
<!-- Generated by org.testng.reporters.JUnitXMLReporter -->
<testsuite ignored="0" hostname="DESKTOP-SHL9BFP" failures="4" tests="15" name="AddressBookTest" time="51.14" errors="0" timestamp="2025-07-06T15:06:54 EDT">
  <testcase classname="AddAddressTest" name="addNewEntryValidationEmptyField" time="0.162">
    <failure type="org.openqa.selenium.NoSuchElementException" message="Unable to locate element: h2
For documentation on this error, please visit: https://www.selenium.dev/documentation/webdriver/troubleshooting/errors#no-such-element-exception
Build info: version: &amp;apos;4.33.0&amp;apos;, revision: &amp;apos;2c6aaad03a&amp;apos;
System info: os.name: &amp;apos;Windows 11&amp;apos;, os.arch: &amp;apos;amd64&amp;apos;, os.version: &amp;apos;10.0&amp;apos;, java.version: &amp;apos;23.0.1&amp;apos;
Driver info: org.openqa.selenium.firefox.FirefoxDriver
Command: [9af9e092-65a0-4b39-8071-97768ac03a12, findElement {value=h2, using=tag name}]
Capabilities {acceptInsecureCerts: true, browserName: firefox, browserVersion: 140.0.2, moz:accessibilityChecks: false, moz:buildID: 20250627085530, moz:geckodriverVersion: 0.36.0, moz:headless: false, moz:platformVersion: 10.0, moz:processID: 66924, moz:profile: C:\Users\Admin\AppData\Loca..., moz:shutdownTimeout: 60000, moz:webdriverClick: true, moz:windowless: false, pageLoadStrategy: normal, platformName: windows, proxy: Proxy(), setWindowRect: true, strictFileInteractability: false, timeouts: {implicit: 0, pageLoad: 300000, script: 30000}, unhandledPromptBehavior: dismiss and notify, userAgent: Mozilla/5.0 (Windows NT 10....}
Session ID: 9af9e092-65a0-4b39-8071-97768ac03a12">
      <![CDATA[org.openqa.selenium.NoSuchElementException: Unable to locate element: h2
For documentation on this error, please visit: https://www.selenium.dev/documentation/webdriver/troubleshooting/errors#no-such-element-exception
Build info: version: '4.33.0', revision: '2c6aaad03a'
System info: os.name: 'Windows 11', os.arch: 'amd64', os.version: '10.0', java.version: '23.0.1'
Driver info: org.openqa.selenium.firefox.FirefoxDriver
Command: [9af9e092-65a0-4b39-8071-97768ac03a12, findElement {value=h2, using=tag name}]
Capabilities {acceptInsecureCerts: true, browserName: firefox, browserVersion: 140.0.2, moz:accessibilityChecks: false, moz:buildID: 20250627085530, moz:geckodriverVersion: 0.36.0, moz:headless: false, moz:platformVersion: 10.0, moz:processID: 66924, moz:profile: C:\Users\Admin\AppData\Loca..., moz:shutdownTimeout: 60000, moz:webdriverClick: true, moz:windowless: false, pageLoadStrategy: normal, platformName: windows, proxy: Proxy(), setWindowRect: true, strictFileInteractability: false, timeouts: {implicit: 0, pageLoad: 300000, script: 30000}, unhandledPromptBehavior: dismiss and notify, userAgent: Mozilla/5.0 (Windows NT 10....}
Session ID: 9af9e092-65a0-4b39-8071-97768ac03a12
at org.openqa.selenium.remote.ErrorCodec.decode(ErrorCodec.java:167)
at org.openqa.selenium.remote.codec.w3c.W3CHttpResponseCodec.decode(W3CHttpResponseCodec.java:138)
at org.openqa.selenium.remote.codec.w3c.W3CHttpResponseCodec.decode(W3CHttpResponseCodec.java:50)
at org.openqa.selenium.remote.HttpCommandExecutor.execute(HttpCommandExecutor.java:215)
at org.openqa.selenium.remote.service.DriverCommandExecutor.invokeExecute(DriverCommandExecutor.java:216)
at org.openqa.selenium.remote.service.DriverCommandExecutor.execute(DriverCommandExecutor.java:174)
at org.openqa.selenium.remote.RemoteWebDriver.execute(RemoteWebDriver.java:544)
at org.openqa.selenium.remote.ElementLocation$ElementFinder$2.findElement(ElementLocation.java:165)
at org.openqa.selenium.remote.ElementLocation.findElement(ElementLocation.java:59)
at org.openqa.selenium.remote.RemoteWebDriver.findElement(RemoteWebDriver.java:367)
at org.openqa.selenium.remote.RemoteWebDriver.findElement(RemoteWebDriver.java:361)
at AddAddressTest.addNewEntryValidationEmptyField(AddAddressTest.java:168)
at java.base/java.util.ArrayList.forEach(ArrayList.java:1597)
... Removed 28 stack frames]]>
    </failure>
  </testcase> <!-- addNewEntryValidationEmptyField -->
  <testcase classname="AddAddressTest" name="addNewEntryWithInvalidEmailField" time="0.139">
    <failure type="org.opentest4j.AssertionFailedError" message="Test failed: Form accepted invalid addr_email_1 input data. Validation is missing!">
      <![CDATA[org.opentest4j.AssertionFailedError: Test failed: Form accepted invalid addr_email_1 input data. Validation is missing!
at org.junit.jupiter.api.AssertionUtils.fail(AssertionUtils.java:38)
at org.junit.jupiter.api.Assertions.fail(Assertions.java:138)
at AddAddressTest.addNewEntryWithInvalidEmailField(AddAddressTest.java:186)
at java.base/java.util.ArrayList.forEach(ArrayList.java:1597)
... Removed 25 stack frames]]>
    </failure>
  </testcase> <!-- addNewEntryWithInvalidEmailField -->
  <testcase classname="AddAddressTest" name="testAddAddressBusiness" time="0.78"/>
  <testcase classname="AddAddressTest" name="testAddAddressFamily" time="0.393"/>
  <testcase classname="AddAddressTest" name="testAddAddressFriend" time="0.919"/>
  <testcase classname="AddAddressTest" name="testAddAddressOther" time="0.55"/>
  <testcase classname="ViewAllAddressTest" name="testListAllAddress" time="0.103"/>
  <testcase classname="EditAddressTest" name="editAddressWithInvalidPhNOTest" time="0.427">
    <failure type="org.opentest4j.AssertionFailedError" message="Test failed: Form accepted invalid input data. Validation is missing!">
      <![CDATA[org.opentest4j.AssertionFailedError: Test failed: Form accepted invalid input data. Validation is missing!
at org.junit.jupiter.api.AssertionUtils.fail(AssertionUtils.java:38)
at org.junit.jupiter.api.Assertions.fail(Assertions.java:138)
at EditAddressTest.editAddressWithInvalidPhNOTest(EditAddressTest.java:158)
at java.base/java.util.ArrayList.forEach(ArrayList.java:1597)
... Removed 25 stack frames]]>
    </failure>
  </testcase> <!-- editAddressWithInvalidPhNOTest -->
  <testcase classname="EditAddressTest" name="editAddressWithNullValueTest" time="0.423">
    <failure type="org.openqa.selenium.NoSuchElementException" message="Unable to locate element: h2
For documentation on this error, please visit: https://www.selenium.dev/documentation/webdriver/troubleshooting/errors#no-such-element-exception
Build info: version: &amp;apos;4.33.0&amp;apos;, revision: &amp;apos;2c6aaad03a&amp;apos;
System info: os.name: &amp;apos;Windows 11&amp;apos;, os.arch: &amp;apos;amd64&amp;apos;, os.version: &amp;apos;10.0&amp;apos;, java.version: &amp;apos;23.0.1&amp;apos;
Driver info: org.openqa.selenium.firefox.FirefoxDriver
Command: [9c5faed6-c9d0-457c-981b-9a70b9fe2946, findElement {value=h2, using=tag name}]
Capabilities {acceptInsecureCerts: true, browserName: firefox, browserVersion: 140.0.2, moz:accessibilityChecks: false, moz:buildID: 20250627085530, moz:geckodriverVersion: 0.36.0, moz:headless: false, moz:platformVersion: 10.0, moz:processID: 51056, moz:profile: C:\Users\Admin\AppData\Loca..., moz:shutdownTimeout: 60000, moz:webdriverClick: true, moz:windowless: false, pageLoadStrategy: normal, platformName: windows, proxy: Proxy(), setWindowRect: true, strictFileInteractability: false, timeouts: {implicit: 0, pageLoad: 300000, script: 30000}, unhandledPromptBehavior: dismiss and notify, userAgent: Mozilla/5.0 (Windows NT 10....}
Session ID: 9c5faed6-c9d0-457c-981b-9a70b9fe2946">
      <![CDATA[org.openqa.selenium.NoSuchElementException: Unable to locate element: h2
For documentation on this error, please visit: https://www.selenium.dev/documentation/webdriver/troubleshooting/errors#no-such-element-exception
Build info: version: '4.33.0', revision: '2c6aaad03a'
System info: os.name: 'Windows 11', os.arch: 'amd64', os.version: '10.0', java.version: '23.0.1'
Driver info: org.openqa.selenium.firefox.FirefoxDriver
Command: [9c5faed6-c9d0-457c-981b-9a70b9fe2946, findElement {value=h2, using=tag name}]
Capabilities {acceptInsecureCerts: true, browserName: firefox, browserVersion: 140.0.2, moz:accessibilityChecks: false, moz:buildID: 20250627085530, moz:geckodriverVersion: 0.36.0, moz:headless: false, moz:platformVersion: 10.0, moz:processID: 51056, moz:profile: C:\Users\Admin\AppData\Loca..., moz:shutdownTimeout: 60000, moz:webdriverClick: true, moz:windowless: false, pageLoadStrategy: normal, platformName: windows, proxy: Proxy(), setWindowRect: true, strictFileInteractability: false, timeouts: {implicit: 0, pageLoad: 300000, script: 30000}, unhandledPromptBehavior: dismiss and notify, userAgent: Mozilla/5.0 (Windows NT 10....}
Session ID: 9c5faed6-c9d0-457c-981b-9a70b9fe2946
at org.openqa.selenium.remote.ErrorCodec.decode(ErrorCodec.java:167)
at org.openqa.selenium.remote.codec.w3c.W3CHttpResponseCodec.decode(W3CHttpResponseCodec.java:138)
at org.openqa.selenium.remote.codec.w3c.W3CHttpResponseCodec.decode(W3CHttpResponseCodec.java:50)
at org.openqa.selenium.remote.HttpCommandExecutor.execute(HttpCommandExecutor.java:215)
at org.openqa.selenium.remote.service.DriverCommandExecutor.invokeExecute(DriverCommandExecutor.java:216)
at org.openqa.selenium.remote.service.DriverCommandExecutor.execute(DriverCommandExecutor.java:174)
at org.openqa.selenium.remote.RemoteWebDriver.execute(RemoteWebDriver.java:544)
at org.openqa.selenium.remote.ElementLocation$ElementFinder$2.findElement(ElementLocation.java:165)
at org.openqa.selenium.remote.ElementLocation.findElement(ElementLocation.java:59)
at org.openqa.selenium.remote.RemoteWebDriver.findElement(RemoteWebDriver.java:367)
at org.openqa.selenium.remote.RemoteWebDriver.findElement(RemoteWebDriver.java:361)
at EditAddressTest.editAddressWithNullValueTest(EditAddressTest.java:118)
at java.base/java.util.ArrayList.forEach(ArrayList.java:1597)
... Removed 28 stack frames]]>
    </failure>
  </testcase> <!-- editAddressWithNullValueTest -->
  <testcase classname="EditAddressTest" name="editAnAddress" time="0.827"/>
  <testcase classname="ViewAddresDetails" name="vewAddressDetailsByName" time="0.139"/>
  <testcase classname="ViewAddresDetails" name="vewAddressDetailsByName" time="0.183"/>
  <testcase classname="ViewAddresDetails" name="vewAddressDetailsByName" time="0.126"/>
  <testcase classname="ViewAddresDetails" name="vewAddressDetailsByName" time="0.147"/>
  <testcase classname="ViewAddresDetails" name="vewAddressDetailsByName" time="0.175"/>
</testsuite> <!-- AddressBookTest -->
